c:\users\s171372\documents\visual studio 2015\projects\networktetris\tetrismultiplayer\debug\vc140.pdb
c:\users\s171372\documents\visual studio 2015\projects\networktetris\tetrismultiplayer\debug\vc140.idb
c:\users\s171372\documents\visual studio 2015\projects\networktetris\tetrismultiplayer\debug\application.obj
c:\users\s171372\documents\visual studio 2015\projects\networktetris\tetrismultiplayer\debug\board.obj
c:\users\s171372\documents\visual studio 2015\projects\networktetris\tetrismultiplayer\debug\deltatime.obj
c:\users\s171372\documents\visual studio 2015\projects\networktetris\tetrismultiplayer\debug\gamewindow.obj
c:\users\s171372\documents\visual studio 2015\projects\networktetris\tetrismultiplayer\debug\inputmanager.obj
c:\users\s171372\documents\visual studio 2015\projects\networktetris\tetrismultiplayer\debug\main.obj
c:\users\s171372\documents\visual studio 2015\projects\networktetris\tetrismultiplayer\debug\myclient.obj
c:\users\s171372\documents\visual studio 2015\projects\networktetris\tetrismultiplayer\debug\piece.obj
c:\users\s171372\documents\visual studio 2015\projects\networktetris\tetrismultiplayer\debug\player.obj
c:\users\s171372\documents\visual studio 2015\projects\networktetris\debug\tetrismultiplayer.ilk
c:\users\s171372\documents\visual studio 2015\projects\networktetris\debug\tetrismultiplayer.exe
c:\users\s171372\documents\visual studio 2015\projects\networktetris\debug\tetrismultiplayer.pdb
c:\users\s171372\documents\visual studio 2015\projects\networktetris\tetrismultiplayer\debug\tetrismu.3146253c.tlog\cl.command.1.tlog
c:\users\s171372\documents\visual studio 2015\projects\networktetris\tetrismultiplayer\debug\tetrismu.3146253c.tlog\cl.read.1.tlog
c:\users\s171372\documents\visual studio 2015\projects\networktetris\tetrismultiplayer\debug\tetrismu.3146253c.tlog\cl.write.1.tlog
c:\users\s171372\documents\visual studio 2015\projects\networktetris\tetrismultiplayer\debug\tetrismu.3146253c.tlog\link.command.1.tlog
c:\users\s171372\documents\visual studio 2015\projects\networktetris\tetrismultiplayer\debug\tetrismu.3146253c.tlog\link.read.1.tlog
c:\users\s171372\documents\visual studio 2015\projects\networktetris\tetrismultiplayer\debug\tetrismu.3146253c.tlog\link.write.1.tlog
