Raknet.lib(RakNetTypes.obj) : error LNK2038: mismatch detected for '_ITERATOR_DEBUG_LEVEL': value '2' doesn't match value '0' in main.obj
Raknet.lib(RakNetTypes.obj) : error LNK2038: mismatch detected for 'RuntimeLibrary': value 'MDd_DynamicDebug' doesn't match value 'MD_DynamicRelease' in main.obj
Raknet.lib(BitStream.obj) : error LNK2038: mismatch detected for '_ITERATOR_DEBUG_LEVEL': value '2' doesn't match value '0' in main.obj
Raknet.lib(BitStream.obj) : error LNK2038: mismatch detected for 'RuntimeLibrary': value 'MDd_DynamicDebug' doesn't match value 'MD_DynamicRelease' in main.obj
Raknet.lib(RakNetSocket2.obj) : error LNK2038: mismatch detected for '_ITERATOR_DEBUG_LEVEL': value '2' doesn't match value '0' in main.obj
Raknet.lib(RakNetSocket2.obj) : error LNK2038: mismatch detected for 'RuntimeLibrary': value 'MDd_DynamicDebug' doesn't match value 'MD_DynamicRelease' in main.obj
Raknet.lib(RakString.obj) : error LNK2038: mismatch detected for '_ITERATOR_DEBUG_LEVEL': value '2' doesn't match value '0' in main.obj
Raknet.lib(RakString.obj) : error LNK2038: mismatch detected for 'RuntimeLibrary': value 'MDd_DynamicDebug' doesn't match value 'MD_DynamicRelease' in main.obj
Raknet.lib(RakMemoryOverride.obj) : error LNK2038: mismatch detected for '_ITERATOR_DEBUG_LEVEL': value '2' doesn't match value '0' in main.obj
Raknet.lib(RakMemoryOverride.obj) : error LNK2038: mismatch detected for 'RuntimeLibrary': value 'MDd_DynamicDebug' doesn't match value 'MD_DynamicRelease' in main.obj
Raknet.lib(RakThread.obj) : error LNK2038: mismatch detected for '_ITERATOR_DEBUG_LEVEL': value '2' doesn't match value '0' in main.obj
Raknet.lib(RakThread.obj) : error LNK2038: mismatch detected for 'RuntimeLibrary': value 'MDd_DynamicDebug' doesn't match value 'MD_DynamicRelease' in main.obj
Raknet.lib(StringCompressor.obj) : error LNK2038: mismatch detected for '_ITERATOR_DEBUG_LEVEL': value '2' doesn't match value '0' in main.obj
Raknet.lib(StringCompressor.obj) : error LNK2038: mismatch detected for 'RuntimeLibrary': value 'MDd_DynamicDebug' doesn't match value 'MD_DynamicRelease' in main.obj
Raknet.lib(SimpleMutex.obj) : error LNK2038: mismatch detected for '_ITERATOR_DEBUG_LEVEL': value '2' doesn't match value '0' in main.obj
Raknet.lib(SimpleMutex.obj) : error LNK2038: mismatch detected for 'RuntimeLibrary': value 'MDd_DynamicDebug' doesn't match value 'MD_DynamicRelease' in main.obj
Raknet.lib(DS_HuffmanEncodingTree.obj) : error LNK2038: mismatch detected for '_ITERATOR_DEBUG_LEVEL': value '2' doesn't match value '0' in main.obj
Raknet.lib(DS_HuffmanEncodingTree.obj) : error LNK2038: mismatch detected for 'RuntimeLibrary': value 'MDd_DynamicDebug' doesn't match value 'MD_DynamicRelease' in main.obj
Raknet.lib(RakPeer.obj) : error LNK2038: mismatch detected for '_ITERATOR_DEBUG_LEVEL': value '2' doesn't match value '0' in main.obj
Raknet.lib(RakPeer.obj) : error LNK2038: mismatch detected for 'RuntimeLibrary': value 'MDd_DynamicDebug' doesn't match value 'MD_DynamicRelease' in main.obj
Raknet.lib(PluginInterface2.obj) : error LNK2038: mismatch detected for '_ITERATOR_DEBUG_LEVEL': value '2' doesn't match value '0' in main.obj
Raknet.lib(PluginInterface2.obj) : error LNK2038: mismatch detected for 'RuntimeLibrary': value 'MDd_DynamicDebug' doesn't match value 'MD_DynamicRelease' in main.obj
Raknet.lib(ReliabilityLayer.obj) : error LNK2038: mismatch detected for '_ITERATOR_DEBUG_LEVEL': value '2' doesn't match value '0' in main.obj
Raknet.lib(ReliabilityLayer.obj) : error LNK2038: mismatch detected for 'RuntimeLibrary': value 'MDd_DynamicDebug' doesn't match value 'MD_DynamicRelease' in main.obj
Raknet.lib(StringTable.obj) : error LNK2038: mismatch detected for '_ITERATOR_DEBUG_LEVEL': value '2' doesn't match value '0' in main.obj
Raknet.lib(StringTable.obj) : error LNK2038: mismatch detected for 'RuntimeLibrary': value 'MDd_DynamicDebug' doesn't match value 'MD_DynamicRelease' in main.obj
Raknet.lib(TCPInterface.obj) : error LNK2038: mismatch detected for '_ITERATOR_DEBUG_LEVEL': value '2' doesn't match value '0' in main.obj
Raknet.lib(TCPInterface.obj) : error LNK2038: mismatch detected for 'RuntimeLibrary': value 'MDd_DynamicDebug' doesn't match value 'MD_DynamicRelease' in main.obj
Raknet.lib(CCRakNetSlidingWindow.obj) : error LNK2038: mismatch detected for '_ITERATOR_DEBUG_LEVEL': value '2' doesn't match value '0' in main.obj
Raknet.lib(CCRakNetSlidingWindow.obj) : error LNK2038: mismatch detected for 'RuntimeLibrary': value 'MDd_DynamicDebug' doesn't match value 'MD_DynamicRelease' in main.obj
Raknet.lib(DR_SHA1.obj) : error LNK2038: mismatch detected for '_ITERATOR_DEBUG_LEVEL': value '2' doesn't match value '0' in main.obj
Raknet.lib(DR_SHA1.obj) : error LNK2038: mismatch detected for 'RuntimeLibrary': value 'MDd_DynamicDebug' doesn't match value 'MD_DynamicRelease' in main.obj
Raknet.lib(DS_ByteQueue.obj) : error LNK2038: mismatch detected for '_ITERATOR_DEBUG_LEVEL': value '2' doesn't match value '0' in main.obj
Raknet.lib(DS_ByteQueue.obj) : error LNK2038: mismatch detected for 'RuntimeLibrary': value 'MDd_DynamicDebug' doesn't match value 'MD_DynamicRelease' in main.obj
Raknet.lib(SocketLayer.obj) : error LNK2038: mismatch detected for '_ITERATOR_DEBUG_LEVEL': value '2' doesn't match value '0' in main.obj
Raknet.lib(SocketLayer.obj) : error LNK2038: mismatch detected for 'RuntimeLibrary': value 'MDd_DynamicDebug' doesn't match value 'MD_DynamicRelease' in main.obj
LINK : warning LNK4098: defaultlib 'MSVCRTD' conflicts with use of other libs; use /NODEFAULTLIB:library
MyServer.obj : error LNK2001: unresolved external symbol "public: class RakNet::RakPeerInterface * __thiscall Server::GetPeerInterface(void)" (?GetPeerInterface@Server@@QAEPAVRakPeerInterface@RakNet@@XZ)
MyServer.obj : error LNK2001: unresolved external symbol "public: void __thiscall Server::SendNewClientID(struct RakNet::SystemAddress)" (?SendNewClientID@Server@@QAEXUSystemAddress@RakNet@@@Z)
Raknet.lib(DR_SHA1.obj) : error LNK2001: unresolved external symbol __imp___invalid_parameter
Raknet.lib(DR_SHA1.obj) : error LNK2001: unresolved external symbol __imp___CrtDbgReportW
C:\Users\s171372\Documents\Visual Studio 2015\Projects\Network\Release\Server.exe : fatal error LNK1120: 4 unresolved externals
