Raknet.lib(RakNetTypes.obj) : error LNK2038: mismatch detected for '_ITERATOR_DEBUG_LEVEL': value '2' doesn't match value '0' in Application.obj
Raknet.lib(RakNetTypes.obj) : error LNK2038: mismatch detected for 'RuntimeLibrary': value 'MDd_DynamicDebug' doesn't match value 'MD_DynamicRelease' in Application.obj
Raknet.lib(BitStream.obj) : error LNK2038: mismatch detected for '_ITERATOR_DEBUG_LEVEL': value '2' doesn't match value '0' in Application.obj
Raknet.lib(BitStream.obj) : error LNK2038: mismatch detected for 'RuntimeLibrary': value 'MDd_DynamicDebug' doesn't match value 'MD_DynamicRelease' in Application.obj
Raknet.lib(RakNetSocket2.obj) : error LNK2038: mismatch detected for '_ITERATOR_DEBUG_LEVEL': value '2' doesn't match value '0' in Application.obj
Raknet.lib(RakNetSocket2.obj) : error LNK2038: mismatch detected for 'RuntimeLibrary': value 'MDd_DynamicDebug' doesn't match value 'MD_DynamicRelease' in Application.obj
Raknet.lib(RakString.obj) : error LNK2038: mismatch detected for '_ITERATOR_DEBUG_LEVEL': value '2' doesn't match value '0' in Application.obj
Raknet.lib(RakString.obj) : error LNK2038: mismatch detected for 'RuntimeLibrary': value 'MDd_DynamicDebug' doesn't match value 'MD_DynamicRelease' in Application.obj
Raknet.lib(RakMemoryOverride.obj) : error LNK2038: mismatch detected for '_ITERATOR_DEBUG_LEVEL': value '2' doesn't match value '0' in Application.obj
Raknet.lib(RakMemoryOverride.obj) : error LNK2038: mismatch detected for 'RuntimeLibrary': value 'MDd_DynamicDebug' doesn't match value 'MD_DynamicRelease' in Application.obj
Raknet.lib(RakThread.obj) : error LNK2038: mismatch detected for '_ITERATOR_DEBUG_LEVEL': value '2' doesn't match value '0' in Application.obj
Raknet.lib(RakThread.obj) : error LNK2038: mismatch detected for 'RuntimeLibrary': value 'MDd_DynamicDebug' doesn't match value 'MD_DynamicRelease' in Application.obj
Raknet.lib(StringCompressor.obj) : error LNK2038: mismatch detected for '_ITERATOR_DEBUG_LEVEL': value '2' doesn't match value '0' in Application.obj
Raknet.lib(StringCompressor.obj) : error LNK2038: mismatch detected for 'RuntimeLibrary': value 'MDd_DynamicDebug' doesn't match value 'MD_DynamicRelease' in Application.obj
Raknet.lib(SimpleMutex.obj) : error LNK2038: mismatch detected for '_ITERATOR_DEBUG_LEVEL': value '2' doesn't match value '0' in Application.obj
Raknet.lib(SimpleMutex.obj) : error LNK2038: mismatch detected for 'RuntimeLibrary': value 'MDd_DynamicDebug' doesn't match value 'MD_DynamicRelease' in Application.obj
Raknet.lib(DS_HuffmanEncodingTree.obj) : error LNK2038: mismatch detected for '_ITERATOR_DEBUG_LEVEL': value '2' doesn't match value '0' in Application.obj
Raknet.lib(DS_HuffmanEncodingTree.obj) : error LNK2038: mismatch detected for 'RuntimeLibrary': value 'MDd_DynamicDebug' doesn't match value 'MD_DynamicRelease' in Application.obj
LINK : warning LNK4098: defaultlib 'MSVCRTD' conflicts with use of other libs; use /NODEFAULTLIB:library
Board.obj : error LNK2001: unresolved external symbol "public: void __thiscall UserPacket::SendPacket(class RakNet::RakPeerInterface *,char,struct RakNet::AddressOrGUID,bool)" (?SendPacket@UserPacket@@QAEXPAVRakPeerInterface@RakNet@@DUAddressOrGUID@3@_N@Z)
Board.obj : error LNK2001: unresolved external symbol "public: void __thiscall UserPacket::AddToPacket(int)" (?AddToPacket@UserPacket@@QAEXH@Z)
Board.obj : error LNK2001: unresolved external symbol "public: void __thiscall UserPacket::AddToPacket(float)" (?AddToPacket@UserPacket@@QAEXM@Z)
Board.obj : error LNK2001: unresolved external symbol "public: __thiscall UserPacket::~UserPacket(void)" (??1UserPacket@@QAE@XZ)
Board.obj : error LNK2001: unresolved external symbol "public: __thiscall UserPacket::UserPacket(unsigned int,enum GameMessages)" (??0UserPacket@@QAE@IW4GameMessages@@@Z)
Board.obj : error LNK2001: unresolved external symbol "public: class RakNet::RakPeerInterface * __thiscall Client::GetPeerInterface(void)" (?GetPeerInterface@Client@@QAEPAVRakPeerInterface@RakNet@@XZ)
Board.obj : error LNK2001: unresolved external symbol "public: unsigned int __thiscall Client::GetClientID(void)" (?GetClientID@Client@@QAEIXZ)
main.obj : error LNK2001: unresolved external symbol "public: bool __thiscall Client::ConnectToServer(char const *,unsigned short,char const *,unsigned int)" (?ConnectToServer@Client@@QAE_NPBDG0I@Z)
main.obj : error LNK2001: unresolved external symbol "public: void __thiscall Client::Update(void)" (?Update@Client@@QAEXXZ)
MyClient.obj : error LNK2001: unresolved external symbol "public: void __thiscall Client::SetClientID(struct RakNet::Packet *)" (?SetClientID@Client@@QAEXPAUPacket@RakNet@@@Z)
MyClient.obj : error LNK2001: unresolved external symbol "public: void __thiscall Client::DeallocatePacket(struct RakNet::Packet *)" (?DeallocatePacket@Client@@QAEXPAUPacket@RakNet@@@Z)
MyClient.obj : error LNK2001: unresolved external symbol "public: struct RakNet::Packet * __thiscall Client::GetPacket(void)" (?GetPacket@Client@@QAEPAUPacket@RakNet@@XZ)
MyClient.obj : error LNK2001: unresolved external symbol "public: __thiscall Client::~Client(void)" (??1Client@@QAE@XZ)
MyClient.obj : error LNK2001: unresolved external symbol "public: __thiscall Client::Client(void)" (??0Client@@QAE@XZ)
C:\Users\s171372\Documents\Visual Studio 2015\Projects\Network\Release\TetrisMultiplayer.exe : fatal error LNK1120: 14 unresolved externals
